Performing C SOURCE FILE Test CMAKE_HAVE_LIBC_PTHREAD failed with the following output:
Change Dir: /home/mrs/git/tsp_solvers/cmake-build-debug/CMakeFiles/CMakeTmp

Run Build Command(s):/usr/bin/make cmTC_a38e7/fast && /usr/bin/make -f CMakeFiles/cmTC_a38e7.dir/build.make CMakeFiles/cmTC_a38e7.dir/build
make[1]: Entering directory '/home/mrs/git/tsp_solvers/cmake-build-debug/CMakeFiles/CMakeTmp'
Building C object CMakeFiles/cmTC_a38e7.dir/src.c.o
/usr/bin/cc   -DCMAKE_HAVE_LIBC_PTHREAD   -o CMakeFiles/cmTC_a38e7.dir/src.c.o   -c /home/mrs/git/tsp_solvers/cmake-build-debug/CMakeFiles/CMakeTmp/src.c
Linking C executable cmTC_a38e7
/snap/clion/121/bin/cmake/linux/bin/cmake -E cmake_link_script CMakeFiles/cmTC_a38e7.dir/link.txt --verbose=1
/usr/bin/cc  -DCMAKE_HAVE_LIBC_PTHREAD    -rdynamic CMakeFiles/cmTC_a38e7.dir/src.c.o  -o cmTC_a38e7 
CMakeFiles/cmTC_a38e7.dir/src.c.o: In function `main':
src.c:(.text+0x3e): undefined reference to `pthread_create'
src.c:(.text+0x4a): undefined reference to `pthread_detach'
src.c:(.text+0x5b): undefined reference to `pthread_join'
src.c:(.text+0x6f): undefined reference to `pthread_atfork'
collect2: error: ld returned 1 exit status
CMakeFiles/cmTC_a38e7.dir/build.make:86: recipe for target 'cmTC_a38e7' failed
make[1]: *** [cmTC_a38e7] Error 1
make[1]: Leaving directory '/home/mrs/git/tsp_solvers/cmake-build-debug/CMakeFiles/CMakeTmp'
Makefile:121: recipe for target 'cmTC_a38e7/fast' failed
make: *** [cmTC_a38e7/fast] Error 2


Source file was:
#include <pthread.h>

void* test_func(void* data)
{
  return data;
}

int main(void)
{
  pthread_t thread;
  pthread_create(&thread, NULL, test_func, NULL);
  pthread_detach(thread);
  pthread_join(thread, NULL);
  pthread_atfork(NULL, NULL, NULL);
  pthread_exit(NULL);

  return 0;
}

Determining if the function pthread_create exists in the pthreads failed with the following output:
Change Dir: /home/mrs/git/tsp_solvers/cmake-build-debug/CMakeFiles/CMakeTmp

Run Build Command(s):/usr/bin/make cmTC_749fe/fast && /usr/bin/make -f CMakeFiles/cmTC_749fe.dir/build.make CMakeFiles/cmTC_749fe.dir/build
make[1]: Entering directory '/home/mrs/git/tsp_solvers/cmake-build-debug/CMakeFiles/CMakeTmp'
Building C object CMakeFiles/cmTC_749fe.dir/CheckFunctionExists.c.o
/usr/bin/cc   -DCHECK_FUNCTION_EXISTS=pthread_create   -o CMakeFiles/cmTC_749fe.dir/CheckFunctionExists.c.o   -c /snap/clion/121/bin/cmake/linux/share/cmake-3.16/Modules/CheckFunctionExists.c
Linking C executable cmTC_749fe
/snap/clion/121/bin/cmake/linux/bin/cmake -E cmake_link_script CMakeFiles/cmTC_749fe.dir/link.txt --verbose=1
/usr/bin/cc  -DCHECK_FUNCTION_EXISTS=pthread_create    -rdynamic CMakeFiles/cmTC_749fe.dir/CheckFunctionExists.c.o  -o cmTC_749fe  -lpthreads 
/usr/bin/ld: cannot find -lpthreads
collect2: error: ld returned 1 exit status
CMakeFiles/cmTC_749fe.dir/build.make:86: recipe for target 'cmTC_749fe' failed
make[1]: *** [cmTC_749fe] Error 1
make[1]: Leaving directory '/home/mrs/git/tsp_solvers/cmake-build-debug/CMakeFiles/CMakeTmp'
Makefile:121: recipe for target 'cmTC_749fe/fast' failed
make: *** [cmTC_749fe/fast] Error 2



