Determining if the pthread_create exist failed with the following output:
Change Dir: /home/mrs/git/tsp_solvers/build/CMakeFiles/CMakeTmp

Run Build Command:"/usr/bin/make" "cmTC_2fe98/fast"
/usr/bin/make -f CMakeFiles/cmTC_2fe98.dir/build.make CMakeFiles/cmTC_2fe98.dir/build
make[1]: Entering directory '/home/mrs/git/tsp_solvers/build/CMakeFiles/CMakeTmp'
Building C object CMakeFiles/cmTC_2fe98.dir/CheckSymbolExists.c.o
/usr/bin/cc    -o CMakeFiles/cmTC_2fe98.dir/CheckSymbolExists.c.o   -c /home/mrs/git/tsp_solvers/build/CMakeFiles/CMakeTmp/CheckSymbolExists.c
Linking C executable cmTC_2fe98
/usr/bin/cmake -E cmake_link_script CMakeFiles/cmTC_2fe98.dir/link.txt --verbose=1
/usr/bin/cc      -rdynamic CMakeFiles/cmTC_2fe98.dir/CheckSymbolExists.c.o  -o cmTC_2fe98 
CMakeFiles/cmTC_2fe98.dir/CheckSymbolExists.c.o: In function `main':
CheckSymbolExists.c:(.text+0x1b): undefined reference to `pthread_create'
collect2: error: ld returned 1 exit status
CMakeFiles/cmTC_2fe98.dir/build.make:97: recipe for target 'cmTC_2fe98' failed
make[1]: *** [cmTC_2fe98] Error 1
make[1]: Leaving directory '/home/mrs/git/tsp_solvers/build/CMakeFiles/CMakeTmp'
Makefile:126: recipe for target 'cmTC_2fe98/fast' failed
make: *** [cmTC_2fe98/fast] Error 2

File /home/mrs/git/tsp_solvers/build/CMakeFiles/CMakeTmp/CheckSymbolExists.c:
/* */
#include <pthread.h>

int main(int argc, char** argv)
{
  (void)argv;
#ifndef pthread_create
  return ((int*)(&pthread_create))[argc];
#else
  (void)argc;
  return 0;
#endif
}

Determining if the function pthread_create exists in the pthreads failed with the following output:
Change Dir: /home/mrs/git/tsp_solvers/build/CMakeFiles/CMakeTmp

Run Build Command:"/usr/bin/make" "cmTC_f34ac/fast"
/usr/bin/make -f CMakeFiles/cmTC_f34ac.dir/build.make CMakeFiles/cmTC_f34ac.dir/build
make[1]: Entering directory '/home/mrs/git/tsp_solvers/build/CMakeFiles/CMakeTmp'
Building C object CMakeFiles/cmTC_f34ac.dir/CheckFunctionExists.c.o
/usr/bin/cc   -DCHECK_FUNCTION_EXISTS=pthread_create   -o CMakeFiles/cmTC_f34ac.dir/CheckFunctionExists.c.o   -c /usr/share/cmake-3.10/Modules/CheckFunctionExists.c
Linking C executable cmTC_f34ac
/usr/bin/cmake -E cmake_link_script CMakeFiles/cmTC_f34ac.dir/link.txt --verbose=1
/usr/bin/cc  -DCHECK_FUNCTION_EXISTS=pthread_create    -rdynamic CMakeFiles/cmTC_f34ac.dir/CheckFunctionExists.c.o  -o cmTC_f34ac -lpthreads 
/usr/bin/ld: cannot find -lpthreads
collect2: error: ld returned 1 exit status
CMakeFiles/cmTC_f34ac.dir/build.make:97: recipe for target 'cmTC_f34ac' failed
make[1]: *** [cmTC_f34ac] Error 1
make[1]: Leaving directory '/home/mrs/git/tsp_solvers/build/CMakeFiles/CMakeTmp'
Makefile:126: recipe for target 'cmTC_f34ac/fast' failed
make: *** [cmTC_f34ac/fast] Error 2


